<?xml version="1.0" encoding="UTF-8"?>
<!-- Generated by org.testng.reporters.JUnitXMLReporter -->
<testsuite ignored="12" hostname="NMS-Karthick" failures="0" tests="25" name="Chrome Test" time="454.734" errors="0" timestamp="2026-01-11T23:57:18 IST">
  <testcase classname="testcases.CartTest" name="verifyAddProductToCart" time="12.234"/>
  <testcase classname="testcases.NavigationTest" name="verifyBrowseCategories" time="6.138"/>
  <testcase classname="testcases.LoginTest" name="verifyLoginWithValidCredentials" time="7.663"/>
  <testcase classname="testcases.OrderTest" name="verifyPlaceOrderWithValidDetails" time="20.433"/>
  <testcase classname="testcases.UITest" name="verifyProductAlignment" time="1.458"/>
  <testcase classname="testcases.ResponsiveTest" name="verifyResponsiveDesign" time="5.179"/>
  <testcase classname="testcases.SignUpTest" name="verifySignUpWithUniqueCredentials" time="6.527"/>
  <testcase classname="testcases.UITest" name="verifyActionButtonsVisibility" time="3.775"/>
  <testcase classname="testcases.LoginTest" name="verifyLoginWithIncorrectPassword" time="3.787"/>
  <testcase classname="testcases.OrderTest" name="verifyPlaceOrderWithEmptyForm" time="17.13"/>
  <testcase classname="testcases.SignUpTest" name="verifySignUpWithExistingUsername" time="4.675"/>
  <testcase classname="testcases.CartTest" name="verifyViewCart" time="14.656"/>
  <testcase classname="testcases.NavigationTest" name="verifyViewProductDetails" time="5.97"/>
  <testcase classname="testcases.CartTest" name="verifyAddMultipleProducts" time="34.725"/>
  <testcase classname="testcases.UITest" name="verifyFontConsistency" time="5.977"/>
  <testcase classname="testcases.NavigationTest" name="verifyHomeNavigation" time="9.978"/>
  <testcase classname="testcases.LoginTest" name="verifyLoginWithEmptyFields" time="2.062"/>
  <testcase classname="testcases.OrderTest" name="verifyOrderConfirmationPopup" time="19.032"/>
  <testcase classname="testcases.SignUpTest" name="verifySignUpWithEmptyFields" time="2.809"/>
  <testcase classname="testcases.LoginTest" name="verifyLoginWithInvalidFormat" time="3.026"/>
  <testcase classname="testcases.NavigationTest" name="verifyNavbarLinks" time="5.839"/>
  <testcase classname="testcases.UITest" name="verifyPopupStyling" time="2.271"/>
  <testcase classname="testcases.CartTest" name="verifyRemoveProduct" time="21.131"/>
  <testcase classname="testcases.LoginTest" name="verifyPasswordFieldMasking" time="4.037"/>
  <testcase classname="testcases.LoginTest" name="verifyLogout" time="7.498"/>
  <testcase classname="baseclass.BaseTest" name="@BeforeSuite setUpReport" time="0.0">
    <ignored/>
  </testcase> <!-- @BeforeSuite setUpReport -->
  <testcase classname="baseclass.BaseTest" name="@AfterSuite flushReport" time="0.0">
    <ignored/>
  </testcase> <!-- @AfterSuite flushReport -->
  <testcase classname="baseclass.BaseTest" name="@AfterSuite flushReport" time="0.0">
    <ignored/>
  </testcase> <!-- @AfterSuite flushReport -->
  <testcase classname="baseclass.BaseTest" name="@BeforeSuite setUpReport" time="0.0">
    <ignored/>
  </testcase> <!-- @BeforeSuite setUpReport -->
  <testcase classname="baseclass.BaseTest" name="@BeforeSuite setUpReport" time="0.0">
    <ignored/>
  </testcase> <!-- @BeforeSuite setUpReport -->
  <testcase classname="baseclass.BaseTest" name="@BeforeSuite setUpReport" time="0.0">
    <ignored/>
  </testcase> <!-- @BeforeSuite setUpReport -->
  <testcase classname="baseclass.BaseTest" name="@AfterSuite flushReport" time="0.0">
    <ignored/>
  </testcase> <!-- @AfterSuite flushReport -->
  <testcase classname="baseclass.BaseTest" name="@AfterSuite flushReport" time="0.0">
    <ignored/>
  </testcase> <!-- @AfterSuite flushReport -->
  <testcase classname="baseclass.BaseTest" name="@BeforeSuite setUpReport" time="0.0">
    <ignored/>
  </testcase> <!-- @BeforeSuite setUpReport -->
  <testcase classname="baseclass.BaseTest" name="@AfterSuite flushReport" time="0.0">
    <ignored/>
  </testcase> <!-- @AfterSuite flushReport -->
  <testcase classname="baseclass.BaseTest" name="@BeforeSuite setUpReport" time="0.0">
    <ignored/>
  </testcase> <!-- @BeforeSuite setUpReport -->
  <testcase classname="baseclass.BaseTest" name="@AfterSuite flushReport" time="0.0">
    <ignored/>
  </testcase> <!-- @AfterSuite flushReport -->
</testsuite> <!-- Chrome Test -->
