<?xml version="1.0" encoding="UTF-8"?>
<!-- Generated by org.testng.reporters.JUnitXMLReporter -->
<testsuite ignored="12" hostname="NMS-Karthick" failures="0" tests="25" name="Firefox Test" time="695.63" errors="0" timestamp="2026-01-12T00:01:18 IST">
  <testcase classname="testcases.CartTest" name="verifyAddProductToCart" time="12.9"/>
  <testcase classname="testcases.NavigationTest" name="verifyBrowseCategories" time="4.102"/>
  <testcase classname="testcases.LoginTest" name="verifyLoginWithValidCredentials" time="7.556"/>
  <testcase classname="testcases.OrderTest" name="verifyPlaceOrderWithValidDetails" time="15.496"/>
  <testcase classname="testcases.UITest" name="verifyProductAlignment" time="1.176"/>
  <testcase classname="testcases.ResponsiveTest" name="verifyResponsiveDesign" time="4.38"/>
  <testcase classname="testcases.SignUpTest" name="verifySignUpWithUniqueCredentials" time="3.081"/>
  <testcase classname="testcases.UITest" name="verifyActionButtonsVisibility" time="10.172"/>
  <testcase classname="testcases.LoginTest" name="verifyLoginWithIncorrectPassword" time="2.598"/>
  <testcase classname="testcases.OrderTest" name="verifyPlaceOrderWithEmptyForm" time="16.289"/>
  <testcase classname="testcases.SignUpTest" name="verifySignUpWithExistingUsername" time="3.998"/>
  <testcase classname="testcases.CartTest" name="verifyViewCart" time="14.959"/>
  <testcase classname="testcases.NavigationTest" name="verifyViewProductDetails" time="6.13"/>
  <testcase classname="testcases.CartTest" name="verifyAddMultipleProducts" time="23.087"/>
  <testcase classname="testcases.UITest" name="verifyFontConsistency" time="4.783"/>
  <testcase classname="testcases.NavigationTest" name="verifyHomeNavigation" time="5.694"/>
  <testcase classname="testcases.LoginTest" name="verifyLoginWithEmptyFields" time="1.331"/>
  <testcase classname="testcases.OrderTest" name="verifyOrderConfirmationPopup" time="12.474"/>
  <testcase classname="testcases.SignUpTest" name="verifySignUpWithEmptyFields" time="1.42"/>
  <testcase classname="testcases.LoginTest" name="verifyLoginWithInvalidFormat" time="2.084"/>
  <testcase classname="testcases.NavigationTest" name="verifyNavbarLinks" time="3.672"/>
  <testcase classname="testcases.UITest" name="verifyPopupStyling" time="2.029"/>
  <testcase classname="testcases.CartTest" name="verifyRemoveProduct" time="37.931"/>
  <testcase classname="testcases.LoginTest" name="verifyPasswordFieldMasking" time="1.019"/>
  <testcase classname="testcases.LoginTest" name="verifyLogout" time="5.812"/>
  <testcase classname="baseclass.BaseTest" name="@BeforeSuite setUpReport" time="0.0">
    <ignored/>
  </testcase> <!-- @BeforeSuite setUpReport -->
  <testcase classname="baseclass.BaseTest" name="@AfterSuite flushReport" time="0.0">
    <ignored/>
  </testcase> <!-- @AfterSuite flushReport -->
  <testcase classname="baseclass.BaseTest" name="@BeforeSuite setUpReport" time="0.0">
    <ignored/>
  </testcase> <!-- @BeforeSuite setUpReport -->
  <testcase classname="baseclass.BaseTest" name="@AfterSuite flushReport" time="0.0">
    <ignored/>
  </testcase> <!-- @AfterSuite flushReport -->
  <testcase classname="baseclass.BaseTest" name="@BeforeSuite setUpReport" time="0.0">
    <ignored/>
  </testcase> <!-- @BeforeSuite setUpReport -->
  <testcase classname="baseclass.BaseTest" name="@AfterSuite flushReport" time="0.0">
    <ignored/>
  </testcase> <!-- @AfterSuite flushReport -->
  <testcase classname="baseclass.BaseTest" name="@AfterSuite flushReport" time="0.0">
    <ignored/>
  </testcase> <!-- @AfterSuite flushReport -->
  <testcase classname="baseclass.BaseTest" name="@BeforeSuite setUpReport" time="0.0">
    <ignored/>
  </testcase> <!-- @BeforeSuite setUpReport -->
  <testcase classname="baseclass.BaseTest" name="@BeforeSuite setUpReport" time="0.0">
    <ignored/>
  </testcase> <!-- @BeforeSuite setUpReport -->
  <testcase classname="baseclass.BaseTest" name="@BeforeSuite setUpReport" time="0.0">
    <ignored/>
  </testcase> <!-- @BeforeSuite setUpReport -->
  <testcase classname="baseclass.BaseTest" name="@AfterSuite flushReport" time="0.0">
    <ignored/>
  </testcase> <!-- @AfterSuite flushReport -->
  <testcase classname="baseclass.BaseTest" name="@AfterSuite flushReport" time="0.0">
    <ignored/>
  </testcase> <!-- @AfterSuite flushReport -->
</testsuite> <!-- Firefox Test -->
