<?xml version="1.0" encoding="UTF-8"?>
<!-- Generated by org.testng.reporters.JUnitXMLReporter -->
<testsuite ignored="4" hostname="NMS-Karthick" failures="4" tests="12" name="Regression" time="331.197" errors="0" timestamp="2026-01-10T14:21:57 IST">
  <testcase classname="testcases.CartTest" name="verifyAddProductToCart" time="16.023"/>
  <testcase classname="testcases.LoginTest" name="verifyLoginWithValidCredentials" time="12.002"/>
  <testcase classname="testcases.SignUpTest" name="verifySignUpWithUniqueCredentials" time="3.643">
    <failure type="java.lang.RuntimeException" message="Error writing to Excel: D:\eclipse-workspace\P2-E-commerce\src\test\resources\TestData.xlsx (The process cannot access the file because it is being used by another process)">
      <![CDATA[java.lang.RuntimeException: Error writing to Excel: D:\eclipse-workspace\P2-E-commerce\src\test\resources\TestData.xlsx (The process cannot access the file because it is being used by another process)
at utilityclass.ExcelUtils.writeToExcel(ExcelUtils.java:144)
at testcases.SignUpTest.verifySignUpWithUniqueCredentials(SignUpTest.java:43)
at java.base/java.util.ArrayList.forEach(ArrayList.java:1596)
at java.base/java.util.concurrent.FutureTask.run(FutureTask.java:317)
at java.base/java.util.concurrent.ThreadPoolExecutor.runWorker(ThreadPoolExecutor.java:1144)
at java.base/java.util.concurrent.ThreadPoolExecutor$Worker.run(ThreadPoolExecutor.java:642)
at java.base/java.lang.Thread.run(Thread.java:1583)
... Removed 15 stack frames]]>
    </failure>
  </testcase> <!-- verifySignUpWithUniqueCredentials -->
  <testcase classname="testcases.LoginTest" name="verifyLoginWithIncorrectPassword" time="12.406">
    <failure type="java.lang.AssertionError" message="Expected &amp;apos;Please fill out Username and Password.&amp;apos; alert but got: No Alert Found expected [true] but found [false]">
      <![CDATA[java.lang.AssertionError: Expected 'Please fill out Username and Password.' alert but got: No Alert Found expected [true] but found [false]
at testcases.LoginTest.verifyLoginWithIncorrectPassword(LoginTest.java:70)
at java.base/java.util.ArrayList.forEach(ArrayList.java:1596)
at java.base/java.util.concurrent.FutureTask.run(FutureTask.java:317)
at java.base/java.util.concurrent.ThreadPoolExecutor.runWorker(ThreadPoolExecutor.java:1144)
at java.base/java.util.concurrent.ThreadPoolExecutor$Worker.run(ThreadPoolExecutor.java:642)
at java.base/java.lang.Thread.run(Thread.java:1583)
... Removed 18 stack frames]]>
    </failure>
  </testcase> <!-- verifyLoginWithIncorrectPassword -->
  <testcase classname="testcases.SignUpTest" name="verifySignUpWithExistingUsername" time="7.689"/>
  <testcase classname="testcases.CartTest" name="verifyViewCart" time="19.248"/>
  <testcase classname="testcases.CartTest" name="verifyAddMultipleProducts" time="33.872"/>
  <testcase classname="testcases.LoginTest" name="verifyLoginWithEmptyFields" time="12.102">
    <failure type="java.lang.AssertionError" message="expected [Please fill out Username and Password.] but found [No Alert Found]">
      <![CDATA[java.lang.AssertionError: expected [Please fill out Username and Password.] but found [No Alert Found]
at testcases.LoginTest.verifyLoginWithEmptyFields(LoginTest.java:102)
at java.base/java.util.ArrayList.forEach(ArrayList.java:1596)
at java.base/java.util.concurrent.FutureTask.run(FutureTask.java:317)
at java.base/java.util.concurrent.ThreadPoolExecutor.runWorker(ThreadPoolExecutor.java:1144)
at java.base/java.util.concurrent.ThreadPoolExecutor$Worker.run(ThreadPoolExecutor.java:642)
at java.base/java.lang.Thread.run(Thread.java:1583)
... Removed 21 stack frames]]>
    </failure>
  </testcase> <!-- verifyLoginWithEmptyFields -->
  <testcase classname="testcases.SignUpTest" name="verifySignUpWithEmptyFields" time="3.324"/>
  <testcase classname="testcases.LoginTest" name="verifyLoginWithInvalidFormat" time="12.197">
    <failure type="java.lang.AssertionError" message="Expected &amp;apos;Please fill out Username and Password.&amp;apos; but got: No Alert Found expected [true] but found [false]">
      <![CDATA[java.lang.AssertionError: Expected 'Please fill out Username and Password.' but got: No Alert Found expected [true] but found [false]
at testcases.LoginTest.verifyLoginWithInvalidFormat(LoginTest.java:126)
at java.base/java.util.ArrayList.forEach(ArrayList.java:1596)
at java.base/java.util.concurrent.FutureTask.run(FutureTask.java:317)
at java.base/java.util.concurrent.ThreadPoolExecutor.runWorker(ThreadPoolExecutor.java:1144)
at java.base/java.util.concurrent.ThreadPoolExecutor$Worker.run(ThreadPoolExecutor.java:642)
at java.base/java.lang.Thread.run(Thread.java:1583)
... Removed 18 stack frames]]>
    </failure>
  </testcase> <!-- verifyLoginWithInvalidFormat -->
  <testcase classname="testcases.CartTest" name="verifyRemoveProduct" time="28.11"/>
  <testcase classname="testcases.LoginTest" name="verifyPasswordFieldMasking" time="1.098"/>
  <testcase classname="baseclass.BaseTest" name="@BeforeSuite setUpReport" time="0.0">
    <ignored/>
  </testcase> <!-- @BeforeSuite setUpReport -->
  <testcase classname="baseclass.BaseTest" name="@AfterSuite flushReport" time="0.0">
    <ignored/>
  </testcase> <!-- @AfterSuite flushReport -->
  <testcase classname="baseclass.BaseTest" name="@BeforeSuite setUpReport" time="0.0">
    <ignored/>
  </testcase> <!-- @BeforeSuite setUpReport -->
  <testcase classname="baseclass.BaseTest" name="@AfterSuite flushReport" time="0.0">
    <ignored/>
  </testcase> <!-- @AfterSuite flushReport -->
</testsuite> <!-- Regression -->
