<?xml version="1.0" encoding="UTF-8"?>
<!-- Generated by org.testng.reporters.JUnitReportReporter -->
<testsuite hostname="NMS-Karthick" failures="0" tests="8" name="testcases.NavigationTest" time="147.895" errors="0" timestamp="2026-01-12T00:01:20 IST" skipped="0">
  <testcase classname="testcases.NavigationTest" name="verifyBrowseCategories" time="20.605"/>
  <testcase classname="testcases.NavigationTest" name="verifyBrowseCategories" time="13.687"/>
  <testcase classname="testcases.NavigationTest" name="verifyViewProductDetails" time="13.786"/>
  <testcase classname="testcases.NavigationTest" name="verifyViewProductDetails" time="20.532"/>
  <testcase classname="testcases.NavigationTest" name="verifyHomeNavigation" time="28.050"/>
  <testcase classname="testcases.NavigationTest" name="verifyHomeNavigation" time="15.666"/>
  <testcase classname="testcases.NavigationTest" name="verifyNavbarLinks" time="12.583"/>
  <testcase classname="testcases.NavigationTest" name="verifyNavbarLinks" time="22.986"/>
</testsuite> <!-- testcases.NavigationTest -->
