<?xml version="1.0" encoding="UTF-8"?>
<!-- Generated by org.testng.reporters.JUnitReportReporter -->
<testsuite hostname="NMS-Karthick" failures="0" tests="8" name="testcases.CartTest" time="307.833" errors="0" timestamp="2026-01-12T00:01:20 IST" skipped="0">
  <testcase classname="testcases.CartTest" name="verifyAddProductToCart" time="25.283"/>
  <testcase classname="testcases.CartTest" name="verifyAddProductToCart" time="35.611"/>
  <testcase classname="testcases.CartTest" name="verifyViewCart" time="22.750"/>
  <testcase classname="testcases.CartTest" name="verifyViewCart" time="41.979"/>
  <testcase classname="testcases.CartTest" name="verifyAddMultipleProducts" time="36.889"/>
  <testcase classname="testcases.CartTest" name="verifyAddMultipleProducts" time="47.495"/>
  <testcase classname="testcases.CartTest" name="verifyRemoveProduct" time="38.530"/>
  <testcase classname="testcases.CartTest" name="verifyRemoveProduct" time="59.296"/>
</testsuite> <!-- testcases.CartTest -->
