<?xml version="1.0" encoding="UTF-8"?>
<!-- Generated by org.testng.reporters.JUnitReportReporter -->
<testsuite hostname="NMS-Karthick" failures="0" tests="6" name="testcases.SignUpTest" time="107.274" errors="0" timestamp="2026-01-12T00:01:20 IST" skipped="0">
  <testcase classname="testcases.SignUpTest" name="verifySignUpWithUniqueCredentials" time="23.640"/>
  <testcase classname="testcases.SignUpTest" name="verifySignUpWithUniqueCredentials" time="17.872"/>
  <testcase classname="testcases.SignUpTest" name="verifySignUpWithExistingUsername" time="27.728"/>
  <testcase classname="testcases.SignUpTest" name="verifySignUpWithExistingUsername" time="11.278"/>
  <testcase classname="testcases.SignUpTest" name="verifySignUpWithEmptyFields" time="15.187"/>
  <testcase classname="testcases.SignUpTest" name="verifySignUpWithEmptyFields" time="11.569"/>
</testsuite> <!-- testcases.SignUpTest -->
