<?xml version="1.0" encoding="UTF-8"?>
<!-- Generated by org.testng.reporters.JUnitReportReporter -->
<testsuite hostname="NMS-Karthick" failures="0" tests="12" name="testcases.LoginTest" time="194.186" errors="0" timestamp="2026-01-12T00:01:20 IST" skipped="0">
  <testcase classname="testcases.LoginTest" name="verifyLoginWithValidCredentials" time="22.392"/>
  <testcase classname="testcases.LoginTest" name="verifyLoginWithValidCredentials" time="14.632"/>
  <testcase classname="testcases.LoginTest" name="verifyLoginWithIncorrectPassword" time="18.110"/>
  <testcase classname="testcases.LoginTest" name="verifyLoginWithIncorrectPassword" time="27.192"/>
  <testcase classname="testcases.LoginTest" name="verifyLoginWithEmptyFields" time="9.046"/>
  <testcase classname="testcases.LoginTest" name="verifyLoginWithEmptyFields" time="15.576"/>
  <testcase classname="testcases.LoginTest" name="verifyLoginWithInvalidFormat" time="10.230"/>
  <testcase classname="testcases.LoginTest" name="verifyLoginWithInvalidFormat" time="12.060"/>
  <testcase classname="testcases.LoginTest" name="verifyPasswordFieldMasking" time="14.627"/>
  <testcase classname="testcases.LoginTest" name="verifyPasswordFieldMasking" time="10.835"/>
  <testcase classname="testcases.LoginTest" name="verifyLogout" time="16.239"/>
  <testcase classname="testcases.LoginTest" name="verifyLogout" time="23.247"/>
</testsuite> <!-- testcases.LoginTest -->
