<?xml version="1.0" encoding="UTF-8"?>
<!-- Generated by org.testng.reporters.JUnitReportReporter -->
<testsuite hostname="NMS-Karthick" failures="0" tests="2" name="testcases.ResponsiveTest" time="38.877" errors="0" timestamp="2026-01-12T00:01:20 IST" skipped="0">
  <testcase classname="testcases.ResponsiveTest" name="verifyResponsiveDesign" time="9.711"/>
  <testcase classname="testcases.ResponsiveTest" name="verifyResponsiveDesign" time="29.166"/>
</testsuite> <!-- testcases.ResponsiveTest -->
