<?xml version="1.0" encoding="UTF-8"?>
<!-- Generated by org.testng.reporters.JUnitReportReporter -->
<testsuite hostname="NMS-Karthick" failures="0" tests="6" name="testcases.OrderTest" time="188.533" errors="0" timestamp="2026-01-12T00:01:20 IST" skipped="0">
  <testcase classname="testcases.OrderTest" name="verifyPlaceOrderWithValidDetails" time="42.972"/>
  <testcase classname="testcases.OrderTest" name="verifyPlaceOrderWithValidDetails" time="26.838"/>
  <testcase classname="testcases.OrderTest" name="verifyPlaceOrderWithEmptyForm" time="30.433"/>
  <testcase classname="testcases.OrderTest" name="verifyPlaceOrderWithEmptyForm" time="24.399"/>
  <testcase classname="testcases.OrderTest" name="verifyOrderConfirmationPopup" time="29.892"/>
  <testcase classname="testcases.OrderTest" name="verifyOrderConfirmationPopup" time="33.999"/>
</testsuite> <!-- testcases.OrderTest -->
