<?xml version="1.0" encoding="UTF-8"?>
<!-- Generated by org.testng.reporters.JUnitReportReporter -->
<testsuite hostname="NMS-Karthick" failures="0" tests="8" name="testcases.UITest" time="141.667" errors="0" timestamp="2026-01-12T00:01:20 IST" skipped="0">
  <testcase classname="testcases.UITest" name="verifyProductAlignment" time="15.913"/>
  <testcase classname="testcases.UITest" name="verifyProductAlignment" time="9.249"/>
  <testcase classname="testcases.UITest" name="verifyActionButtonsVisibility" time="41.551"/>
  <testcase classname="testcases.UITest" name="verifyActionButtonsVisibility" time="10.350"/>
  <testcase classname="testcases.UITest" name="verifyFontConsistency" time="12.508"/>
  <testcase classname="testcases.UITest" name="verifyFontConsistency" time="27.883"/>
  <testcase classname="testcases.UITest" name="verifyPopupStyling" time="15.538"/>
  <testcase classname="testcases.UITest" name="verifyPopupStyling" time="8.675"/>
</testsuite> <!-- testcases.UITest -->
