<?xml version="1.0" encoding="UTF-8"?>
<testng-results ignored="0" total="50" passed="50" failed="0" skipped="0">
  <reporter-output>
  </reporter-output>
  <suite started-at="2026-01-11T23:49:43 IST" name="MasterMergedSuite" finished-at="2026-01-12T00:01:18 IST" duration-ms="695630">
    <groups>
    </groups>
    <test started-at="2026-01-11T23:49:43 IST" name="Chrome Test" finished-at="2026-01-11T23:57:17 IST" duration-ms="454734">
      <class name="testcases.UITest">
        <test-method is-config="true" signature="setup(java.lang.String)[pri:0, instance:testcases.UITest@75db5df9]" started-at="2026-01-11T23:51:15 IST" name="setup" finished-at="2026-01-11T23:51:21 IST" duration-ms="5505" status="PASS">
          <params>
            <param index="0">
              <value>
                <![CDATA[chrome]]>
              </value>
            </param>
          </params>
          <reporter-output>
          </reporter-output>
        </test-method> <!-- setup -->
        <test-method signature="verifyProductAlignment()[pri:1, instance:testcases.UITest@75db5df9]" started-at="2026-01-11T23:51:21 IST" name="verifyProductAlignment" finished-at="2026-01-11T23:51:22 IST" duration-ms="1458" status="PASS">
          <reporter-output>
          </reporter-output>
        </test-method> <!-- verifyProductAlignment -->
        <test-method is-config="true" signature="tearDown()[pri:0, instance:testcases.UITest@75db5df9]" started-at="2026-01-11T23:51:23 IST" name="tearDown" finished-at="2026-01-11T23:51:24 IST" duration-ms="1026" status="PASS">
          <reporter-output>
          </reporter-output>
        </test-method> <!-- tearDown -->
        <test-method is-config="true" signature="setup(java.lang.String)[pri:0, instance:testcases.UITest@75db5df9]" started-at="2026-01-11T23:51:50 IST" name="setup" finished-at="2026-01-11T23:51:56 IST" duration-ms="5850" status="PASS">
          <params>
            <param index="0">
              <value>
                <![CDATA[chrome]]>
              </value>
            </param>
          </params>
          <reporter-output>
          </reporter-output>
        </test-method> <!-- setup -->
        <test-method signature="verifyActionButtonsVisibility()[pri:2, instance:testcases.UITest@75db5df9]" started-at="2026-01-11T23:51:56 IST" name="verifyActionButtonsVisibility" finished-at="2026-01-11T23:52:00 IST" duration-ms="3775" status="PASS">
          <reporter-output>
          </reporter-output>
        </test-method> <!-- verifyActionButtonsVisibility -->
        <test-method is-config="true" signature="tearDown()[pri:0, instance:testcases.UITest@75db5df9]" started-at="2026-01-11T23:52:00 IST" name="tearDown" finished-at="2026-01-11T23:52:02 IST" duration-ms="1941" status="PASS">
          <reporter-output>
          </reporter-output>
        </test-method> <!-- tearDown -->
        <test-method is-config="true" signature="setup(java.lang.String)[pri:0, instance:testcases.UITest@75db5df9]" started-at="2026-01-11T23:54:30 IST" name="setup" finished-at="2026-01-11T23:54:35 IST" duration-ms="5140" status="PASS">
          <params>
            <param index="0">
              <value>
                <![CDATA[chrome]]>
              </value>
            </param>
          </params>
          <reporter-output>
          </reporter-output>
        </test-method> <!-- setup -->
        <test-method signature="verifyFontConsistency()[pri:3, instance:testcases.UITest@75db5df9]" started-at="2026-01-11T23:54:35 IST" name="verifyFontConsistency" finished-at="2026-01-11T23:54:41 IST" duration-ms="5977" status="PASS">
          <reporter-output>
          </reporter-output>
        </test-method> <!-- verifyFontConsistency -->
        <test-method is-config="true" signature="tearDown()[pri:0, instance:testcases.UITest@75db5df9]" started-at="2026-01-11T23:54:41 IST" name="tearDown" finished-at="2026-01-11T23:54:43 IST" duration-ms="1435" status="PASS">
          <reporter-output>
          </reporter-output>
        </test-method> <!-- tearDown -->
        <test-method is-config="true" signature="setup(java.lang.String)[pri:0, instance:testcases.UITest@75db5df9]" started-at="2026-01-11T23:56:12 IST" name="setup" finished-at="2026-01-11T23:56:18 IST" duration-ms="5481" status="PASS">
          <params>
            <param index="0">
              <value>
                <![CDATA[chrome]]>
              </value>
            </param>
          </params>
          <reporter-output>
          </reporter-output>
        </test-method> <!-- setup -->
        <test-method signature="verifyPopupStyling()[pri:4, instance:testcases.UITest@75db5df9]" started-at="2026-01-11T23:56:18 IST" name="verifyPopupStyling" finished-at="2026-01-11T23:56:20 IST" duration-ms="2271" status="PASS">
          <reporter-output>
          </reporter-output>
        </test-method> <!-- verifyPopupStyling -->
        <test-method is-config="true" signature="tearDown()[pri:0, instance:testcases.UITest@75db5df9]" started-at="2026-01-11T23:56:20 IST" name="tearDown" finished-at="2026-01-11T23:56:21 IST" duration-ms="923" status="PASS">
          <reporter-output>
          </reporter-output>
        </test-method> <!-- tearDown -->
      </class> <!-- testcases.UITest -->
      <class name="testcases.NavigationTest">
        <test-method is-config="true" signature="setup(java.lang.String)[pri:0, instance:testcases.NavigationTest@33c911a1]" started-at="2026-01-11T23:50:10 IST" name="setup" finished-at="2026-01-11T23:50:14 IST" duration-ms="4100" status="PASS">
          <params>
            <param index="0">
              <value>
                <![CDATA[chrome]]>
              </value>
            </param>
          </params>
          <reporter-output>
          </reporter-output>
        </test-method> <!-- setup -->
        <test-method signature="verifyBrowseCategories()[pri:1, instance:testcases.NavigationTest@33c911a1]" started-at="2026-01-11T23:50:14 IST" name="verifyBrowseCategories" finished-at="2026-01-11T23:50:20 IST" duration-ms="6138" status="PASS">
          <reporter-output>
          </reporter-output>
        </test-method> <!-- verifyBrowseCategories -->
        <test-method is-config="true" signature="tearDown()[pri:0, instance:testcases.NavigationTest@33c911a1]" started-at="2026-01-11T23:50:20 IST" name="tearDown" finished-at="2026-01-11T23:50:22 IST" duration-ms="1588" status="PASS">
          <reporter-output>
          </reporter-output>
        </test-method> <!-- tearDown -->
        <test-method is-config="true" signature="setup(java.lang.String)[pri:0, instance:testcases.NavigationTest@33c911a1]" started-at="2026-01-11T23:53:27 IST" name="setup" finished-at="2026-01-11T23:53:32 IST" duration-ms="5569" status="PASS">
          <params>
            <param index="0">
              <value>
                <![CDATA[chrome]]>
              </value>
            </param>
          </params>
          <reporter-output>
          </reporter-output>
        </test-method> <!-- setup -->
        <test-method signature="verifyViewProductDetails()[pri:2, instance:testcases.NavigationTest@33c911a1]" started-at="2026-01-11T23:53:32 IST" name="verifyViewProductDetails" finished-at="2026-01-11T23:53:38 IST" duration-ms="5970" status="PASS">
          <reporter-output>
          </reporter-output>
        </test-method> <!-- verifyViewProductDetails -->
        <test-method is-config="true" signature="tearDown()[pri:0, instance:testcases.NavigationTest@33c911a1]" started-at="2026-01-11T23:53:39 IST" name="tearDown" finished-at="2026-01-11T23:53:40 IST" duration-ms="1175" status="PASS">
          <reporter-output>
          </reporter-output>
        </test-method> <!-- tearDown -->
        <test-method is-config="true" signature="setup(java.lang.String)[pri:0, instance:testcases.NavigationTest@33c911a1]" started-at="2026-01-11T23:54:43 IST" name="setup" finished-at="2026-01-11T23:54:49 IST" duration-ms="6599" status="PASS">
          <params>
            <param index="0">
              <value>
                <![CDATA[chrome]]>
              </value>
            </param>
          </params>
          <reporter-output>
          </reporter-output>
        </test-method> <!-- setup -->
        <test-method signature="verifyHomeNavigation()[pri:3, instance:testcases.NavigationTest@33c911a1]" started-at="2026-01-11T23:54:49 IST" name="verifyHomeNavigation" finished-at="2026-01-11T23:54:59 IST" duration-ms="9978" status="PASS">
          <reporter-output>
          </reporter-output>
        </test-method> <!-- verifyHomeNavigation -->
        <test-method is-config="true" signature="tearDown()[pri:0, instance:testcases.NavigationTest@33c911a1]" started-at="2026-01-11T23:54:59 IST" name="tearDown" finished-at="2026-01-11T23:55:01 IST" duration-ms="1311" status="PASS">
          <reporter-output>
          </reporter-output>
        </test-method> <!-- tearDown -->
        <test-method is-config="true" signature="setup(java.lang.String)[pri:0, instance:testcases.NavigationTest@33c911a1]" started-at="2026-01-11T23:55:58 IST" name="setup" finished-at="2026-01-11T23:56:05 IST" duration-ms="6238" status="PASS">
          <params>
            <param index="0">
              <value>
                <![CDATA[chrome]]>
              </value>
            </param>
          </params>
          <reporter-output>
          </reporter-output>
        </test-method> <!-- setup -->
        <test-method signature="verifyNavbarLinks()[pri:4, instance:testcases.NavigationTest@33c911a1]" started-at="2026-01-11T23:56:05 IST" name="verifyNavbarLinks" finished-at="2026-01-11T23:56:10 IST" duration-ms="5839" status="PASS">
          <reporter-output>
          </reporter-output>
        </test-method> <!-- verifyNavbarLinks -->
        <test-method is-config="true" signature="tearDown()[pri:0, instance:testcases.NavigationTest@33c911a1]" started-at="2026-01-11T23:56:11 IST" name="tearDown" finished-at="2026-01-11T23:56:12 IST" duration-ms="1217" status="PASS">
          <reporter-output>
          </reporter-output>
        </test-method> <!-- tearDown -->
      </class> <!-- testcases.NavigationTest -->
      <class name="testcases.CartTest">
        <test-method is-config="true" signature="setupData()[pri:0, instance:testcases.CartTest@5aebe890]" started-at="2026-01-11T23:49:43 IST" name="setupData" finished-at="2026-01-11T23:49:44 IST" duration-ms="1381" status="PASS">
          <reporter-output>
          </reporter-output>
        </test-method> <!-- setupData -->
        <test-method is-config="true" signature="setup(java.lang.String)[pri:0, instance:testcases.CartTest@5aebe890]" started-at="2026-01-11T23:49:44 IST" name="setup" finished-at="2026-01-11T23:49:49 IST" duration-ms="5287" status="PASS">
          <params>
            <param index="0">
              <value>
                <![CDATA[chrome]]>
              </value>
            </param>
          </params>
          <reporter-output>
          </reporter-output>
        </test-method> <!-- setup -->
        <test-method signature="verifyAddProductToCart()[pri:1, instance:testcases.CartTest@5aebe890]" started-at="2026-01-11T23:49:49 IST" name="verifyAddProductToCart" finished-at="2026-01-11T23:50:02 IST" duration-ms="12234" status="PASS">
          <reporter-output>
          </reporter-output>
        </test-method> <!-- verifyAddProductToCart -->
        <test-method is-config="true" signature="tearDown()[pri:0, instance:testcases.CartTest@5aebe890]" started-at="2026-01-11T23:50:02 IST" name="tearDown" finished-at="2026-01-11T23:50:10 IST" duration-ms="7483" status="PASS">
          <reporter-output>
          </reporter-output>
        </test-method> <!-- tearDown -->
        <test-method is-config="true" signature="setup(java.lang.String)[pri:0, instance:testcases.CartTest@5aebe890]" started-at="2026-01-11T23:52:56 IST" name="setup" finished-at="2026-01-11T23:53:03 IST" duration-ms="7255" status="PASS">
          <params>
            <param index="0">
              <value>
                <![CDATA[chrome]]>
              </value>
            </param>
          </params>
          <reporter-output>
          </reporter-output>
        </test-method> <!-- setup -->
        <test-method signature="verifyViewCart()[pri:2, instance:testcases.CartTest@5aebe890]" started-at="2026-01-11T23:53:03 IST" name="verifyViewCart" finished-at="2026-01-11T23:53:18 IST" duration-ms="14656" status="PASS">
          <reporter-output>
          </reporter-output>
        </test-method> <!-- verifyViewCart -->
        <test-method is-config="true" signature="tearDown()[pri:0, instance:testcases.CartTest@5aebe890]" started-at="2026-01-11T23:53:18 IST" name="tearDown" finished-at="2026-01-11T23:53:27 IST" duration-ms="8314" status="PASS">
          <reporter-output>
          </reporter-output>
        </test-method> <!-- tearDown -->
        <test-method is-config="true" signature="setup(java.lang.String)[pri:0, instance:testcases.CartTest@5aebe890]" started-at="2026-01-11T23:53:40 IST" name="setup" finished-at="2026-01-11T23:53:44 IST" duration-ms="4735" status="PASS">
          <params>
            <param index="0">
              <value>
                <![CDATA[chrome]]>
              </value>
            </param>
          </params>
          <reporter-output>
          </reporter-output>
        </test-method> <!-- setup -->
        <test-method signature="verifyAddMultipleProducts()[pri:3, instance:testcases.CartTest@5aebe890]" started-at="2026-01-11T23:53:44 IST" name="verifyAddMultipleProducts" finished-at="2026-01-11T23:54:19 IST" duration-ms="34725" status="PASS">
          <reporter-output>
          </reporter-output>
        </test-method> <!-- verifyAddMultipleProducts -->
        <test-method is-config="true" signature="tearDown()[pri:0, instance:testcases.CartTest@5aebe890]" started-at="2026-01-11T23:54:19 IST" name="tearDown" finished-at="2026-01-11T23:54:30 IST" duration-ms="10144" status="PASS">
          <reporter-output>
          </reporter-output>
        </test-method> <!-- tearDown -->
        <test-method is-config="true" signature="setup(java.lang.String)[pri:0, instance:testcases.CartTest@5aebe890]" started-at="2026-01-11T23:56:21 IST" name="setup" finished-at="2026-01-11T23:56:28 IST" duration-ms="6637" status="PASS">
          <params>
            <param index="0">
              <value>
                <![CDATA[chrome]]>
              </value>
            </param>
          </params>
          <reporter-output>
          </reporter-output>
        </test-method> <!-- setup -->
        <test-method signature="verifyRemoveProduct()[pri:4, instance:testcases.CartTest@5aebe890]" started-at="2026-01-11T23:56:28 IST" name="verifyRemoveProduct" finished-at="2026-01-11T23:56:49 IST" duration-ms="21131" status="PASS">
          <reporter-output>
          </reporter-output>
        </test-method> <!-- verifyRemoveProduct -->
        <test-method is-config="true" signature="tearDown()[pri:0, instance:testcases.CartTest@5aebe890]" started-at="2026-01-11T23:56:49 IST" name="tearDown" finished-at="2026-01-11T23:56:51 IST" duration-ms="1457" status="PASS">
          <reporter-output>
          </reporter-output>
        </test-method> <!-- tearDown -->
      </class> <!-- testcases.CartTest -->
      <class name="testcases.OrderTest">
        <test-method is-config="true" signature="setupData()[pri:0, instance:testcases.OrderTest@65d09a04]" started-at="2026-01-11T23:50:45 IST" name="setupData" finished-at="2026-01-11T23:50:45 IST" duration-ms="83" status="PASS">
          <reporter-output>
          </reporter-output>
        </test-method> <!-- setupData -->
        <test-method is-config="true" signature="setup(java.lang.String)[pri:0, instance:testcases.OrderTest@65d09a04]" started-at="2026-01-11T23:50:45 IST" name="setup" finished-at="2026-01-11T23:50:50 IST" duration-ms="5158" status="PASS">
          <params>
            <param index="0">
              <value>
                <![CDATA[chrome]]>
              </value>
            </param>
          </params>
          <reporter-output>
          </reporter-output>
        </test-method> <!-- setup -->
        <test-method signature="verifyPlaceOrderWithValidDetails()[pri:1, instance:testcases.OrderTest@65d09a04]" started-at="2026-01-11T23:50:50 IST" name="verifyPlaceOrderWithValidDetails" finished-at="2026-01-11T23:51:10 IST" duration-ms="20433" status="PASS">
          <reporter-output>
          </reporter-output>
        </test-method> <!-- verifyPlaceOrderWithValidDetails -->
        <test-method is-config="true" signature="tearDown()[pri:0, instance:testcases.OrderTest@65d09a04]" started-at="2026-01-11T23:51:11 IST" name="tearDown" finished-at="2026-01-11T23:51:15 IST" duration-ms="4543" status="PASS">
          <reporter-output>
          </reporter-output>
        </test-method> <!-- tearDown -->
        <test-method is-config="true" signature="setup(java.lang.String)[pri:0, instance:testcases.OrderTest@65d09a04]" started-at="2026-01-11T23:52:15 IST" name="setup" finished-at="2026-01-11T23:52:21 IST" duration-ms="5685" status="PASS">
          <params>
            <param index="0">
              <value>
                <![CDATA[chrome]]>
              </value>
            </param>
          </params>
          <reporter-output>
          </reporter-output>
        </test-method> <!-- setup -->
        <test-method signature="verifyPlaceOrderWithEmptyForm()[pri:2, instance:testcases.OrderTest@65d09a04]" started-at="2026-01-11T23:52:21 IST" name="verifyPlaceOrderWithEmptyForm" finished-at="2026-01-11T23:52:38 IST" duration-ms="17130" status="PASS">
          <reporter-output>
          </reporter-output>
        </test-method> <!-- verifyPlaceOrderWithEmptyForm -->
        <test-method is-config="true" signature="tearDown()[pri:0, instance:testcases.OrderTest@65d09a04]" started-at="2026-01-11T23:52:38 IST" name="tearDown" finished-at="2026-01-11T23:52:40 IST" duration-ms="1584" status="PASS">
          <reporter-output>
          </reporter-output>
        </test-method> <!-- tearDown -->
        <test-method is-config="true" signature="setup(java.lang.String)[pri:0, instance:testcases.OrderTest@65d09a04]" started-at="2026-01-11T23:55:10 IST" name="setup" finished-at="2026-01-11T23:55:17 IST" duration-ms="6317" status="PASS">
          <params>
            <param index="0">
              <value>
                <![CDATA[chrome]]>
              </value>
            </param>
          </params>
          <reporter-output>
          </reporter-output>
        </test-method> <!-- setup -->
        <test-method signature="verifyOrderConfirmationPopup()[pri:3, instance:testcases.OrderTest@65d09a04]" started-at="2026-01-11T23:55:17 IST" name="verifyOrderConfirmationPopup" finished-at="2026-01-11T23:55:36 IST" duration-ms="19032" status="PASS">
          <reporter-output>
          </reporter-output>
        </test-method> <!-- verifyOrderConfirmationPopup -->
        <test-method is-config="true" signature="tearDown()[pri:0, instance:testcases.OrderTest@65d09a04]" started-at="2026-01-11T23:55:36 IST" name="tearDown" finished-at="2026-01-11T23:55:37 IST" duration-ms="1247" status="PASS">
          <reporter-output>
          </reporter-output>
        </test-method> <!-- tearDown -->
      </class> <!-- testcases.OrderTest -->
      <class name="testcases.LoginTest">
        <test-method is-config="true" signature="setupData()[pri:0, instance:testcases.LoginTest@4961f6af]" started-at="2026-01-11T23:50:22 IST" name="setupData" finished-at="2026-01-11T23:50:22 IST" duration-ms="136" status="PASS">
          <reporter-output>
          </reporter-output>
        </test-method> <!-- setupData -->
        <test-method is-config="true" signature="setup(java.lang.String)[pri:0, instance:testcases.LoginTest@4961f6af]" started-at="2026-01-11T23:50:22 IST" name="setup" finished-at="2026-01-11T23:50:28 IST" duration-ms="5693" status="PASS">
          <params>
            <param index="0">
              <value>
                <![CDATA[chrome]]>
              </value>
            </param>
          </params>
          <reporter-output>
          </reporter-output>
        </test-method> <!-- setup -->
        <test-method signature="verifyLoginWithValidCredentials()[pri:1, instance:testcases.LoginTest@4961f6af]" started-at="2026-01-11T23:50:28 IST" name="verifyLoginWithValidCredentials" finished-at="2026-01-11T23:50:36 IST" duration-ms="7663" status="PASS">
          <reporter-output>
          </reporter-output>
        </test-method> <!-- verifyLoginWithValidCredentials -->
        <test-method is-config="true" signature="tearDown()[pri:0, instance:testcases.LoginTest@4961f6af]" started-at="2026-01-11T23:50:36 IST" name="tearDown" finished-at="2026-01-11T23:50:45 IST" duration-ms="8630" status="PASS">
          <reporter-output>
          </reporter-output>
        </test-method> <!-- tearDown -->
        <test-method is-config="true" signature="setup(java.lang.String)[pri:0, instance:testcases.LoginTest@4961f6af]" started-at="2026-01-11T23:52:02 IST" name="setup" finished-at="2026-01-11T23:52:08 IST" duration-ms="6079" status="PASS">
          <params>
            <param index="0">
              <value>
                <![CDATA[chrome]]>
              </value>
            </param>
          </params>
          <reporter-output>
          </reporter-output>
        </test-method> <!-- setup -->
        <test-method signature="verifyLoginWithIncorrectPassword()[pri:2, instance:testcases.LoginTest@4961f6af]" started-at="2026-01-11T23:52:08 IST" name="verifyLoginWithIncorrectPassword" finished-at="2026-01-11T23:52:12 IST" duration-ms="3787" status="PASS">
          <reporter-output>
          </reporter-output>
        </test-method> <!-- verifyLoginWithIncorrectPassword -->
        <test-method is-config="true" signature="tearDown()[pri:0, instance:testcases.LoginTest@4961f6af]" started-at="2026-01-11T23:52:14 IST" name="tearDown" finished-at="2026-01-11T23:52:15 IST" duration-ms="913" status="PASS">
          <reporter-output>
          </reporter-output>
        </test-method> <!-- tearDown -->
        <test-method is-config="true" signature="setup(java.lang.String)[pri:0, instance:testcases.LoginTest@4961f6af]" started-at="2026-01-11T23:55:01 IST" name="setup" finished-at="2026-01-11T23:55:07 IST" duration-ms="5885" status="PASS">
          <params>
            <param index="0">
              <value>
                <![CDATA[chrome]]>
              </value>
            </param>
          </params>
          <reporter-output>
          </reporter-output>
        </test-method> <!-- setup -->
        <test-method signature="verifyLoginWithEmptyFields()[pri:3, instance:testcases.LoginTest@4961f6af]" started-at="2026-01-11T23:55:07 IST" name="verifyLoginWithEmptyFields" finished-at="2026-01-11T23:55:09 IST" duration-ms="2062" status="PASS">
          <reporter-output>
          </reporter-output>
        </test-method> <!-- verifyLoginWithEmptyFields -->
        <test-method is-config="true" signature="tearDown()[pri:0, instance:testcases.LoginTest@4961f6af]" started-at="2026-01-11T23:55:09 IST" name="tearDown" finished-at="2026-01-11T23:55:10 IST" duration-ms="1125" status="PASS">
          <reporter-output>
          </reporter-output>
        </test-method> <!-- tearDown -->
        <test-method is-config="true" signature="setup(java.lang.String)[pri:0, instance:testcases.LoginTest@4961f6af]" started-at="2026-01-11T23:55:47 IST" name="setup" finished-at="2026-01-11T23:55:53 IST" duration-ms="6183" status="PASS">
          <params>
            <param index="0">
              <value>
                <![CDATA[chrome]]>
              </value>
            </param>
          </params>
          <reporter-output>
          </reporter-output>
        </test-method> <!-- setup -->
        <test-method signature="verifyLoginWithInvalidFormat()[pri:4, instance:testcases.LoginTest@4961f6af]" started-at="2026-01-11T23:55:53 IST" name="verifyLoginWithInvalidFormat" finished-at="2026-01-11T23:55:56 IST" duration-ms="3026" status="PASS">
          <reporter-output>
          </reporter-output>
        </test-method> <!-- verifyLoginWithInvalidFormat -->
        <test-method is-config="true" signature="tearDown()[pri:0, instance:testcases.LoginTest@4961f6af]" started-at="2026-01-11T23:55:56 IST" name="tearDown" finished-at="2026-01-11T23:55:58 IST" duration-ms="1981" status="PASS">
          <reporter-output>
          </reporter-output>
        </test-method> <!-- tearDown -->
        <test-method is-config="true" signature="setup(java.lang.String)[pri:0, instance:testcases.LoginTest@4961f6af]" started-at="2026-01-11T23:56:51 IST" name="setup" finished-at="2026-01-11T23:56:55 IST" duration-ms="3955" status="PASS">
          <params>
            <param index="0">
              <value>
                <![CDATA[chrome]]>
              </value>
            </param>
          </params>
          <reporter-output>
          </reporter-output>
        </test-method> <!-- setup -->
        <test-method signature="verifyPasswordFieldMasking()[pri:5, instance:testcases.LoginTest@4961f6af]" started-at="2026-01-11T23:56:55 IST" name="verifyPasswordFieldMasking" finished-at="2026-01-11T23:56:59 IST" duration-ms="4037" status="PASS">
          <reporter-output>
          </reporter-output>
        </test-method> <!-- verifyPasswordFieldMasking -->
        <test-method is-config="true" signature="tearDown()[pri:0, instance:testcases.LoginTest@4961f6af]" started-at="2026-01-11T23:56:59 IST" name="tearDown" finished-at="2026-01-11T23:57:02 IST" duration-ms="3014" status="PASS">
          <reporter-output>
          </reporter-output>
        </test-method> <!-- tearDown -->
        <test-method is-config="true" signature="setup(java.lang.String)[pri:0, instance:testcases.LoginTest@4961f6af]" started-at="2026-01-11T23:57:02 IST" name="setup" finished-at="2026-01-11T23:57:09 IST" duration-ms="6760" status="PASS">
          <params>
            <param index="0">
              <value>
                <![CDATA[chrome]]>
              </value>
            </param>
          </params>
          <reporter-output>
          </reporter-output>
        </test-method> <!-- setup -->
        <test-method signature="verifyLogout()[pri:6, instance:testcases.LoginTest@4961f6af]" started-at="2026-01-11T23:57:09 IST" name="verifyLogout" finished-at="2026-01-11T23:57:16 IST" duration-ms="7498" status="PASS">
          <reporter-output>
          </reporter-output>
        </test-method> <!-- verifyLogout -->
        <test-method is-config="true" signature="tearDown()[pri:0, instance:testcases.LoginTest@4961f6af]" started-at="2026-01-11T23:57:17 IST" name="tearDown" finished-at="2026-01-11T23:57:17 IST" duration-ms="801" status="PASS">
          <reporter-output>
          </reporter-output>
        </test-method> <!-- tearDown -->
      </class> <!-- testcases.LoginTest -->
      <class name="testcases.SignUpTest">
        <test-method is-config="true" signature="setup(java.lang.String)[pri:0, instance:testcases.SignUpTest@1e66f1f5]" started-at="2026-01-11T23:51:34 IST" name="setup" finished-at="2026-01-11T23:51:40 IST" duration-ms="6079" status="PASS">
          <params>
            <param index="0">
              <value>
                <![CDATA[chrome]]>
              </value>
            </param>
          </params>
          <reporter-output>
          </reporter-output>
        </test-method> <!-- setup -->
        <test-method signature="verifySignUpWithUniqueCredentials()[pri:1, instance:testcases.SignUpTest@1e66f1f5]" started-at="2026-01-11T23:51:40 IST" name="verifySignUpWithUniqueCredentials" finished-at="2026-01-11T23:51:47 IST" duration-ms="6527" status="PASS">
          <reporter-output>
          </reporter-output>
        </test-method> <!-- verifySignUpWithUniqueCredentials -->
        <test-method is-config="true" signature="tearDown()[pri:0, instance:testcases.SignUpTest@1e66f1f5]" started-at="2026-01-11T23:51:47 IST" name="tearDown" finished-at="2026-01-11T23:51:50 IST" duration-ms="3253" status="PASS">
          <reporter-output>
          </reporter-output>
        </test-method> <!-- tearDown -->
        <test-method is-config="true" signature="setup(java.lang.String)[pri:0, instance:testcases.SignUpTest@1e66f1f5]" started-at="2026-01-11T23:52:40 IST" name="setup" finished-at="2026-01-11T23:52:45 IST" duration-ms="5380" status="PASS">
          <params>
            <param index="0">
              <value>
                <![CDATA[chrome]]>
              </value>
            </param>
          </params>
          <reporter-output>
          </reporter-output>
        </test-method> <!-- setup -->
        <test-method signature="verifySignUpWithExistingUsername()[pri:2, instance:testcases.SignUpTest@1e66f1f5]" started-at="2026-01-11T23:52:45 IST" name="verifySignUpWithExistingUsername" finished-at="2026-01-11T23:52:50 IST" duration-ms="4675" status="PASS">
          <reporter-output>
          </reporter-output>
        </test-method> <!-- verifySignUpWithExistingUsername -->
        <test-method is-config="true" signature="tearDown()[pri:0, instance:testcases.SignUpTest@1e66f1f5]" started-at="2026-01-11T23:52:50 IST" name="tearDown" finished-at="2026-01-11T23:52:56 IST" duration-ms="5965" status="PASS">
          <reporter-output>
          </reporter-output>
        </test-method> <!-- tearDown -->
        <test-method is-config="true" signature="setup(java.lang.String)[pri:0, instance:testcases.SignUpTest@1e66f1f5]" started-at="2026-01-11T23:55:37 IST" name="setup" finished-at="2026-01-11T23:55:43 IST" duration-ms="5507" status="PASS">
          <params>
            <param index="0">
              <value>
                <![CDATA[chrome]]>
              </value>
            </param>
          </params>
          <reporter-output>
          </reporter-output>
        </test-method> <!-- setup -->
        <test-method signature="verifySignUpWithEmptyFields(java.lang.String,java.lang.String)[pri:3, instance:testcases.SignUpTest@1e66f1f5]" started-at="2026-01-11T23:55:43 IST" name="verifySignUpWithEmptyFields" data-provider="EmptyFieldData" finished-at="2026-01-11T23:55:46 IST" duration-ms="2809" status="PASS">
          <params>
            <param index="0">
              <value>
                <![CDATA[ ]]>
              </value>
            </param>
            <param index="1">
              <value>
                <![CDATA[]]>
              </value>
            </param>
          </params>
          <reporter-output>
          </reporter-output>
        </test-method> <!-- verifySignUpWithEmptyFields -->
        <test-method is-config="true" signature="tearDown()[pri:0, instance:testcases.SignUpTest@1e66f1f5]" started-at="2026-01-11T23:55:46 IST" name="tearDown" finished-at="2026-01-11T23:55:47 IST" duration-ms="524" status="PASS">
          <reporter-output>
          </reporter-output>
        </test-method> <!-- tearDown -->
      </class> <!-- testcases.SignUpTest -->
      <class name="testcases.ResponsiveTest">
        <test-method is-config="true" signature="setup(java.lang.String)[pri:0, instance:testcases.ResponsiveTest@707194ba]" started-at="2026-01-11T23:51:24 IST" name="setup" finished-at="2026-01-11T23:51:28 IST" duration-ms="3884" status="PASS">
          <params>
            <param index="0">
              <value>
                <![CDATA[chrome]]>
              </value>
            </param>
          </params>
          <reporter-output>
          </reporter-output>
        </test-method> <!-- setup -->
        <test-method signature="verifyResponsiveDesign()[pri:1, instance:testcases.ResponsiveTest@707194ba]" started-at="2026-01-11T23:51:28 IST" name="verifyResponsiveDesign" finished-at="2026-01-11T23:51:33 IST" duration-ms="5179" status="PASS">
          <reporter-output>
          </reporter-output>
        </test-method> <!-- verifyResponsiveDesign -->
        <test-method is-config="true" signature="tearDown()[pri:0, instance:testcases.ResponsiveTest@707194ba]" started-at="2026-01-11T23:51:33 IST" name="tearDown" finished-at="2026-01-11T23:51:34 IST" duration-ms="648" status="PASS">
          <reporter-output>
          </reporter-output>
        </test-method> <!-- tearDown -->
      </class> <!-- testcases.ResponsiveTest -->
    </test> <!-- Chrome Test -->
    <test started-at="2026-01-11T23:49:43 IST" name="Firefox Test" finished-at="2026-01-12T00:01:18 IST" duration-ms="695630">
      <class name="testcases.UITest">
        <test-method is-config="true" signature="setup(java.lang.String)[pri:0, instance:testcases.UITest@484970b0]" started-at="2026-01-11T23:52:08 IST" name="setup" finished-at="2026-01-11T23:52:28 IST" duration-ms="20011" status="PASS">
          <params>
            <param index="0">
              <value>
                <![CDATA[firefox]]>
              </value>
            </param>
          </params>
          <reporter-output>
          </reporter-output>
        </test-method> <!-- setup -->
        <test-method signature="verifyProductAlignment()[pri:1, instance:testcases.UITest@484970b0]" started-at="2026-01-11T23:52:28 IST" name="verifyProductAlignment" finished-at="2026-01-11T23:52:29 IST" duration-ms="1176" status="PASS">
          <reporter-output>
          </reporter-output>
        </test-method> <!-- verifyProductAlignment -->
        <test-method is-config="true" signature="tearDown()[pri:0, instance:testcases.UITest@484970b0]" started-at="2026-01-11T23:52:29 IST" name="tearDown" finished-at="2026-01-11T23:52:34 IST" duration-ms="4529" status="PASS">
          <reporter-output>
          </reporter-output>
        </test-method> <!-- tearDown -->
        <test-method is-config="true" signature="setup(java.lang.String)[pri:0, instance:testcases.UITest@484970b0]" started-at="2026-01-11T23:53:28 IST" name="setup" finished-at="2026-01-11T23:53:47 IST" duration-ms="18571" status="PASS">
          <params>
            <param index="0">
              <value>
                <![CDATA[firefox]]>
              </value>
            </param>
          </params>
          <reporter-output>
          </reporter-output>
        </test-method> <!-- setup -->
        <test-method signature="verifyActionButtonsVisibility()[pri:2, instance:testcases.UITest@484970b0]" started-at="2026-01-11T23:53:47 IST" name="verifyActionButtonsVisibility" finished-at="2026-01-11T23:53:57 IST" duration-ms="10172" status="PASS">
          <reporter-output>
          </reporter-output>
        </test-method> <!-- verifyActionButtonsVisibility -->
        <test-method is-config="true" signature="tearDown()[pri:0, instance:testcases.UITest@484970b0]" started-at="2026-01-11T23:53:57 IST" name="tearDown" finished-at="2026-01-11T23:54:09 IST" duration-ms="11368" status="PASS">
          <reporter-output>
          </reporter-output>
        </test-method> <!-- tearDown -->
        <test-method is-config="true" signature="setup(java.lang.String)[pri:0, instance:testcases.UITest@484970b0]" started-at="2026-01-11T23:57:28 IST" name="setup" finished-at="2026-01-11T23:57:39 IST" duration-ms="11031" status="PASS">
          <params>
            <param index="0">
              <value>
                <![CDATA[firefox]]>
              </value>
            </param>
          </params>
          <reporter-output>
          </reporter-output>
        </test-method> <!-- setup -->
        <test-method signature="verifyFontConsistency()[pri:3, instance:testcases.UITest@484970b0]" started-at="2026-01-11T23:57:39 IST" name="verifyFontConsistency" finished-at="2026-01-11T23:57:44 IST" duration-ms="4783" status="PASS">
          <reporter-output>
          </reporter-output>
        </test-method> <!-- verifyFontConsistency -->
        <test-method is-config="true" signature="tearDown()[pri:0, instance:testcases.UITest@484970b0]" started-at="2026-01-11T23:57:44 IST" name="tearDown" finished-at="2026-01-11T23:57:46 IST" duration-ms="2478" status="PASS">
          <reporter-output>
          </reporter-output>
        </test-method> <!-- tearDown -->
        <test-method is-config="true" signature="setup(java.lang.String)[pri:0, instance:testcases.UITest@484970b0]" started-at="2026-01-11T23:59:39 IST" name="setup" finished-at="2026-01-11T23:59:50 IST" duration-ms="11334" status="PASS">
          <params>
            <param index="0">
              <value>
                <![CDATA[firefox]]>
              </value>
            </param>
          </params>
          <reporter-output>
          </reporter-output>
        </test-method> <!-- setup -->
        <test-method signature="verifyPopupStyling()[pri:4, instance:testcases.UITest@484970b0]" started-at="2026-01-11T23:59:50 IST" name="verifyPopupStyling" finished-at="2026-01-11T23:59:52 IST" duration-ms="2029" status="PASS">
          <reporter-output>
          </reporter-output>
        </test-method> <!-- verifyPopupStyling -->
        <test-method is-config="true" signature="tearDown()[pri:0, instance:testcases.UITest@484970b0]" started-at="2026-01-11T23:59:53 IST" name="tearDown" finished-at="2026-01-11T23:59:56 IST" duration-ms="3403" status="PASS">
          <reporter-output>
          </reporter-output>
        </test-method> <!-- tearDown -->
      </class> <!-- testcases.UITest -->
      <class name="testcases.NavigationTest">
        <test-method is-config="true" signature="setup(java.lang.String)[pri:0, instance:testcases.NavigationTest@3e96bacf]" started-at="2026-01-11T23:50:23 IST" name="setup" finished-at="2026-01-11T23:50:41 IST" duration-ms="17560" status="PASS">
          <params>
            <param index="0">
              <value>
                <![CDATA[firefox]]>
              </value>
            </param>
          </params>
          <reporter-output>
          </reporter-output>
        </test-method> <!-- setup -->
        <test-method signature="verifyBrowseCategories()[pri:1, instance:testcases.NavigationTest@3e96bacf]" started-at="2026-01-11T23:50:41 IST" name="verifyBrowseCategories" finished-at="2026-01-11T23:50:45 IST" duration-ms="4102" status="PASS">
          <reporter-output>
          </reporter-output>
        </test-method> <!-- verifyBrowseCategories -->
        <test-method is-config="true" signature="tearDown()[pri:0, instance:testcases.NavigationTest@3e96bacf]" started-at="2026-01-11T23:50:45 IST" name="tearDown" finished-at="2026-01-11T23:50:51 IST" duration-ms="6135" status="PASS">
          <reporter-output>
          </reporter-output>
        </test-method> <!-- tearDown -->
        <test-method is-config="true" signature="setup(java.lang.String)[pri:0, instance:testcases.NavigationTest@3e96bacf]" started-at="2026-01-11T23:56:18 IST" name="setup" finished-at="2026-01-11T23:56:34 IST" duration-ms="16443" status="PASS">
          <params>
            <param index="0">
              <value>
                <![CDATA[firefox]]>
              </value>
            </param>
          </params>
          <reporter-output>
          </reporter-output>
        </test-method> <!-- setup -->
        <test-method signature="verifyViewProductDetails()[pri:2, instance:testcases.NavigationTest@3e96bacf]" started-at="2026-01-11T23:56:34 IST" name="verifyViewProductDetails" finished-at="2026-01-11T23:56:40 IST" duration-ms="6130" status="PASS">
          <reporter-output>
          </reporter-output>
        </test-method> <!-- verifyViewProductDetails -->
        <test-method is-config="true" signature="tearDown()[pri:0, instance:testcases.NavigationTest@3e96bacf]" started-at="2026-01-11T23:56:41 IST" name="tearDown" finished-at="2026-01-11T23:56:46 IST" duration-ms="4796" status="PASS">
          <reporter-output>
          </reporter-output>
        </test-method> <!-- tearDown -->
        <test-method is-config="true" signature="setup(java.lang.String)[pri:0, instance:testcases.NavigationTest@3e96bacf]" started-at="2026-01-11T23:57:46 IST" name="setup" finished-at="2026-01-11T23:57:58 IST" duration-ms="11418" status="PASS">
          <params>
            <param index="0">
              <value>
                <![CDATA[firefox]]>
              </value>
            </param>
          </params>
          <reporter-output>
          </reporter-output>
        </test-method> <!-- setup -->
        <test-method signature="verifyHomeNavigation()[pri:3, instance:testcases.NavigationTest@3e96bacf]" started-at="2026-01-11T23:57:58 IST" name="verifyHomeNavigation" finished-at="2026-01-11T23:58:03 IST" duration-ms="5694" status="PASS">
          <reporter-output>
          </reporter-output>
        </test-method> <!-- verifyHomeNavigation -->
        <test-method is-config="true" signature="tearDown()[pri:0, instance:testcases.NavigationTest@3e96bacf]" started-at="2026-01-11T23:58:04 IST" name="tearDown" finished-at="2026-01-11T23:58:06 IST" duration-ms="2871" status="PASS">
          <reporter-output>
          </reporter-output>
        </test-method> <!-- tearDown -->
        <test-method is-config="true" signature="setup(java.lang.String)[pri:0, instance:testcases.NavigationTest@3e96bacf]" started-at="2026-01-11T23:59:22 IST" name="setup" finished-at="2026-01-11T23:59:32 IST" duration-ms="10368" status="PASS">
          <params>
            <param index="0">
              <value>
                <![CDATA[firefox]]>
              </value>
            </param>
          </params>
          <reporter-output>
          </reporter-output>
        </test-method> <!-- setup -->
        <test-method signature="verifyNavbarLinks()[pri:4, instance:testcases.NavigationTest@3e96bacf]" started-at="2026-01-11T23:59:32 IST" name="verifyNavbarLinks" finished-at="2026-01-11T23:59:36 IST" duration-ms="3672" status="PASS">
          <reporter-output>
          </reporter-output>
        </test-method> <!-- verifyNavbarLinks -->
        <test-method is-config="true" signature="tearDown()[pri:0, instance:testcases.NavigationTest@3e96bacf]" started-at="2026-01-11T23:59:36 IST" name="tearDown" finished-at="2026-01-11T23:59:39 IST" duration-ms="2984" status="PASS">
          <reporter-output>
          </reporter-output>
        </test-method> <!-- tearDown -->
      </class> <!-- testcases.NavigationTest -->
      <class name="testcases.CartTest">
        <test-method is-config="true" signature="setupData()[pri:0, instance:testcases.CartTest@fd07cbb]" started-at="2026-01-11T23:49:43 IST" name="setupData" finished-at="2026-01-11T23:49:44 IST" duration-ms="1382" status="PASS">
          <reporter-output>
          </reporter-output>
        </test-method> <!-- setupData -->
        <test-method is-config="true" signature="setup(java.lang.String)[pri:0, instance:testcases.CartTest@fd07cbb]" started-at="2026-01-11T23:49:44 IST" name="setup" finished-at="2026-01-11T23:50:04 IST" duration-ms="19580" status="PASS">
          <params>
            <param index="0">
              <value>
                <![CDATA[firefox]]>
              </value>
            </param>
          </params>
          <reporter-output>
          </reporter-output>
        </test-method> <!-- setup -->
        <test-method signature="verifyAddProductToCart()[pri:1, instance:testcases.CartTest@fd07cbb]" started-at="2026-01-11T23:50:04 IST" name="verifyAddProductToCart" finished-at="2026-01-11T23:50:17 IST" duration-ms="12900" status="PASS">
          <reporter-output>
          </reporter-output>
        </test-method> <!-- verifyAddProductToCart -->
        <test-method is-config="true" signature="tearDown()[pri:0, instance:testcases.CartTest@fd07cbb]" started-at="2026-01-11T23:50:17 IST" name="tearDown" finished-at="2026-01-11T23:50:23 IST" duration-ms="6177" status="PASS">
          <reporter-output>
          </reporter-output>
        </test-method> <!-- tearDown -->
        <test-method is-config="true" signature="setup(java.lang.String)[pri:0, instance:testcases.CartTest@fd07cbb]" started-at="2026-01-11T23:55:37 IST" name="setup" finished-at="2026-01-11T23:55:57 IST" duration-ms="20843" status="PASS">
          <params>
            <param index="0">
              <value>
                <![CDATA[firefox]]>
              </value>
            </param>
          </params>
          <reporter-output>
          </reporter-output>
        </test-method> <!-- setup -->
        <test-method signature="verifyViewCart()[pri:2, instance:testcases.CartTest@fd07cbb]" started-at="2026-01-11T23:55:57 IST" name="verifyViewCart" finished-at="2026-01-11T23:56:12 IST" duration-ms="14959" status="PASS">
          <reporter-output>
          </reporter-output>
        </test-method> <!-- verifyViewCart -->
        <test-method is-config="true" signature="tearDown()[pri:0, instance:testcases.CartTest@fd07cbb]" started-at="2026-01-11T23:56:12 IST" name="tearDown" finished-at="2026-01-11T23:56:18 IST" duration-ms="5421" status="PASS">
          <reporter-output>
          </reporter-output>
        </test-method> <!-- tearDown -->
        <test-method is-config="true" signature="setup(java.lang.String)[pri:0, instance:testcases.CartTest@fd07cbb]" started-at="2026-01-11T23:56:46 IST" name="setup" finished-at="2026-01-11T23:57:01 IST" duration-ms="15944" status="PASS">
          <params>
            <param index="0">
              <value>
                <![CDATA[firefox]]>
              </value>
            </param>
          </params>
          <reporter-output>
          </reporter-output>
        </test-method> <!-- setup -->
        <test-method signature="verifyAddMultipleProducts()[pri:3, instance:testcases.CartTest@fd07cbb]" started-at="2026-01-11T23:57:01 IST" name="verifyAddMultipleProducts" finished-at="2026-01-11T23:57:25 IST" duration-ms="23087" status="PASS">
          <reporter-output>
          </reporter-output>
        </test-method> <!-- verifyAddMultipleProducts -->
        <test-method is-config="true" signature="tearDown()[pri:0, instance:testcases.CartTest@fd07cbb]" started-at="2026-01-11T23:57:25 IST" name="tearDown" finished-at="2026-01-11T23:57:28 IST" duration-ms="3131" status="PASS">
          <reporter-output>
          </reporter-output>
        </test-method> <!-- tearDown -->
        <test-method is-config="true" signature="setup(java.lang.String)[pri:0, instance:testcases.CartTest@fd07cbb]" started-at="2026-01-11T23:59:56 IST" name="setup" finished-at="2026-01-12T00:00:08 IST" duration-ms="11485" status="PASS">
          <params>
            <param index="0">
              <value>
                <![CDATA[firefox]]>
              </value>
            </param>
          </params>
          <reporter-output>
          </reporter-output>
        </test-method> <!-- setup -->
        <test-method signature="verifyRemoveProduct()[pri:4, instance:testcases.CartTest@fd07cbb]" started-at="2026-01-12T00:00:08 IST" name="verifyRemoveProduct" finished-at="2026-01-12T00:00:46 IST" duration-ms="37931" status="PASS">
          <reporter-output>
          </reporter-output>
        </test-method> <!-- verifyRemoveProduct -->
        <test-method is-config="true" signature="tearDown()[pri:0, instance:testcases.CartTest@fd07cbb]" started-at="2026-01-12T00:00:46 IST" name="tearDown" finished-at="2026-01-12T00:00:48 IST" duration-ms="2317" status="PASS">
          <reporter-output>
          </reporter-output>
        </test-method> <!-- tearDown -->
      </class> <!-- testcases.CartTest -->
      <class name="testcases.OrderTest">
        <test-method is-config="true" signature="setupData()[pri:0, instance:testcases.OrderTest@3571b748]" started-at="2026-01-11T23:51:24 IST" name="setupData" finished-at="2026-01-11T23:51:24 IST" duration-ms="92" status="PASS">
          <reporter-output>
          </reporter-output>
        </test-method> <!-- setupData -->
        <test-method is-config="true" signature="setup(java.lang.String)[pri:0, instance:testcases.OrderTest@3571b748]" started-at="2026-01-11T23:51:24 IST" name="setup" finished-at="2026-01-11T23:51:45 IST" duration-ms="21426" status="PASS">
          <params>
            <param index="0">
              <value>
                <![CDATA[firefox]]>
              </value>
            </param>
          </params>
          <reporter-output>
          </reporter-output>
        </test-method> <!-- setup -->
        <test-method signature="verifyPlaceOrderWithValidDetails()[pri:1, instance:testcases.OrderTest@3571b748]" started-at="2026-01-11T23:51:45 IST" name="verifyPlaceOrderWithValidDetails" finished-at="2026-01-11T23:52:01 IST" duration-ms="15496" status="PASS">
          <reporter-output>
          </reporter-output>
        </test-method> <!-- verifyPlaceOrderWithValidDetails -->
        <test-method is-config="true" signature="tearDown()[pri:0, instance:testcases.OrderTest@3571b748]" started-at="2026-01-11T23:52:01 IST" name="tearDown" finished-at="2026-01-11T23:52:08 IST" duration-ms="6050" status="PASS">
          <reporter-output>
          </reporter-output>
        </test-method> <!-- tearDown -->
        <test-method is-config="true" signature="setup(java.lang.String)[pri:0, instance:testcases.OrderTest@3571b748]" started-at="2026-01-11T23:54:30 IST" name="setup" finished-at="2026-01-11T23:54:46 IST" duration-ms="15592" status="PASS">
          <params>
            <param index="0">
              <value>
                <![CDATA[firefox]]>
              </value>
            </param>
          </params>
          <reporter-output>
          </reporter-output>
        </test-method> <!-- setup -->
        <test-method signature="verifyPlaceOrderWithEmptyForm()[pri:2, instance:testcases.OrderTest@3571b748]" started-at="2026-01-11T23:54:46 IST" name="verifyPlaceOrderWithEmptyForm" finished-at="2026-01-11T23:55:02 IST" duration-ms="16289" status="PASS">
          <reporter-output>
          </reporter-output>
        </test-method> <!-- verifyPlaceOrderWithEmptyForm -->
        <test-method is-config="true" signature="tearDown()[pri:0, instance:testcases.OrderTest@3571b748]" started-at="2026-01-11T23:55:02 IST" name="tearDown" finished-at="2026-01-11T23:55:08 IST" duration-ms="5933" status="PASS">
          <reporter-output>
          </reporter-output>
        </test-method> <!-- tearDown -->
        <test-method is-config="true" signature="setup(java.lang.String)[pri:0, instance:testcases.OrderTest@3571b748]" started-at="2026-01-11T23:58:23 IST" name="setup" finished-at="2026-01-11T23:58:34 IST" duration-ms="11566" status="PASS">
          <params>
            <param index="0">
              <value>
                <![CDATA[firefox]]>
              </value>
            </param>
          </params>
          <reporter-output>
          </reporter-output>
        </test-method> <!-- setup -->
        <test-method signature="verifyOrderConfirmationPopup()[pri:3, instance:testcases.OrderTest@3571b748]" started-at="2026-01-11T23:58:34 IST" name="verifyOrderConfirmationPopup" finished-at="2026-01-11T23:58:47 IST" duration-ms="12474" status="PASS">
          <reporter-output>
          </reporter-output>
        </test-method> <!-- verifyOrderConfirmationPopup -->
        <test-method is-config="true" signature="tearDown()[pri:0, instance:testcases.OrderTest@3571b748]" started-at="2026-01-11T23:58:47 IST" name="tearDown" finished-at="2026-01-11T23:58:50 IST" duration-ms="2578" status="PASS">
          <reporter-output>
          </reporter-output>
        </test-method> <!-- tearDown -->
      </class> <!-- testcases.OrderTest -->
      <class name="testcases.LoginTest">
        <test-method is-config="true" signature="setupData()[pri:0, instance:testcases.LoginTest@2b4bac49]" started-at="2026-01-11T23:50:51 IST" name="setupData" finished-at="2026-01-11T23:50:51 IST" duration-ms="141" status="PASS">
          <reporter-output>
          </reporter-output>
        </test-method> <!-- setupData -->
        <test-method is-config="true" signature="setup(java.lang.String)[pri:0, instance:testcases.LoginTest@2b4bac49]" started-at="2026-01-11T23:50:51 IST" name="setup" finished-at="2026-01-11T23:51:12 IST" duration-ms="20299" status="PASS">
          <params>
            <param index="0">
              <value>
                <![CDATA[firefox]]>
              </value>
            </param>
          </params>
          <reporter-output>
          </reporter-output>
        </test-method> <!-- setup -->
        <test-method signature="verifyLoginWithValidCredentials()[pri:1, instance:testcases.LoginTest@2b4bac49]" started-at="2026-01-11T23:51:12 IST" name="verifyLoginWithValidCredentials" finished-at="2026-01-11T23:51:19 IST" duration-ms="7556" status="PASS">
          <reporter-output>
          </reporter-output>
        </test-method> <!-- verifyLoginWithValidCredentials -->
        <test-method is-config="true" signature="tearDown()[pri:0, instance:testcases.LoginTest@2b4bac49]" started-at="2026-01-11T23:51:20 IST" name="tearDown" finished-at="2026-01-11T23:51:24 IST" duration-ms="4295" status="PASS">
          <reporter-output>
          </reporter-output>
        </test-method> <!-- tearDown -->
        <test-method is-config="true" signature="setup(java.lang.String)[pri:0, instance:testcases.LoginTest@2b4bac49]" started-at="2026-01-11T23:54:09 IST" name="setup" finished-at="2026-01-11T23:54:23 IST" duration-ms="14337" status="PASS">
          <params>
            <param index="0">
              <value>
                <![CDATA[firefox]]>
              </value>
            </param>
          </params>
          <reporter-output>
          </reporter-output>
        </test-method> <!-- setup -->
        <test-method signature="verifyLoginWithIncorrectPassword()[pri:2, instance:testcases.LoginTest@2b4bac49]" started-at="2026-01-11T23:54:23 IST" name="verifyLoginWithIncorrectPassword" finished-at="2026-01-11T23:54:26 IST" duration-ms="2598" status="PASS">
          <reporter-output>
          </reporter-output>
        </test-method> <!-- verifyLoginWithIncorrectPassword -->
        <test-method is-config="true" signature="tearDown()[pri:0, instance:testcases.LoginTest@2b4bac49]" started-at="2026-01-11T23:54:26 IST" name="tearDown" finished-at="2026-01-11T23:54:30 IST" duration-ms="4058" status="PASS">
          <reporter-output>
          </reporter-output>
        </test-method> <!-- tearDown -->
        <test-method is-config="true" signature="setup(java.lang.String)[pri:0, instance:testcases.LoginTest@2b4bac49]" started-at="2026-01-11T23:58:06 IST" name="setup" finished-at="2026-01-11T23:58:18 IST" duration-ms="11152" status="PASS">
          <params>
            <param index="0">
              <value>
                <![CDATA[firefox]]>
              </value>
            </param>
          </params>
          <reporter-output>
          </reporter-output>
        </test-method> <!-- setup -->
        <test-method signature="verifyLoginWithEmptyFields()[pri:3, instance:testcases.LoginTest@2b4bac49]" started-at="2026-01-11T23:58:18 IST" name="verifyLoginWithEmptyFields" finished-at="2026-01-11T23:58:19 IST" duration-ms="1331" status="PASS">
          <reporter-output>
          </reporter-output>
        </test-method> <!-- verifyLoginWithEmptyFields -->
        <test-method is-config="true" signature="tearDown()[pri:0, instance:testcases.LoginTest@2b4bac49]" started-at="2026-01-11T23:58:19 IST" name="tearDown" finished-at="2026-01-11T23:58:23 IST" duration-ms="3623" status="PASS">
          <reporter-output>
          </reporter-output>
        </test-method> <!-- tearDown -->
        <test-method is-config="true" signature="setup(java.lang.String)[pri:0, instance:testcases.LoginTest@2b4bac49]" started-at="2026-01-11T23:59:05 IST" name="setup" finished-at="2026-01-11T23:59:16 IST" duration-ms="11094" status="PASS">
          <params>
            <param index="0">
              <value>
                <![CDATA[firefox]]>
              </value>
            </param>
          </params>
          <reporter-output>
          </reporter-output>
        </test-method> <!-- setup -->
        <test-method signature="verifyLoginWithInvalidFormat()[pri:4, instance:testcases.LoginTest@2b4bac49]" started-at="2026-01-11T23:59:16 IST" name="verifyLoginWithInvalidFormat" finished-at="2026-01-11T23:59:18 IST" duration-ms="2084" status="PASS">
          <reporter-output>
          </reporter-output>
        </test-method> <!-- verifyLoginWithInvalidFormat -->
        <test-method is-config="true" signature="tearDown()[pri:0, instance:testcases.LoginTest@2b4bac49]" started-at="2026-01-11T23:59:19 IST" name="tearDown" finished-at="2026-01-11T23:59:22 IST" duration-ms="3098" status="PASS">
          <reporter-output>
          </reporter-output>
        </test-method> <!-- tearDown -->
        <test-method is-config="true" signature="setup(java.lang.String)[pri:0, instance:testcases.LoginTest@2b4bac49]" started-at="2026-01-12T00:00:48 IST" name="setup" finished-at="2026-01-12T00:00:55 IST" duration-ms="6353" status="PASS">
          <params>
            <param index="0">
              <value>
                <![CDATA[firefox]]>
              </value>
            </param>
          </params>
          <reporter-output>
          </reporter-output>
        </test-method> <!-- setup -->
        <test-method signature="verifyPasswordFieldMasking()[pri:5, instance:testcases.LoginTest@2b4bac49]" started-at="2026-01-12T00:00:55 IST" name="verifyPasswordFieldMasking" finished-at="2026-01-12T00:00:56 IST" duration-ms="1019" status="PASS">
          <reporter-output>
          </reporter-output>
        </test-method> <!-- verifyPasswordFieldMasking -->
        <test-method is-config="true" signature="tearDown()[pri:0, instance:testcases.LoginTest@2b4bac49]" started-at="2026-01-12T00:00:56 IST" name="tearDown" finished-at="2026-01-12T00:00:58 IST" duration-ms="2514" status="PASS">
          <reporter-output>
          </reporter-output>
        </test-method> <!-- tearDown -->
        <test-method is-config="true" signature="setup(java.lang.String)[pri:0, instance:testcases.LoginTest@2b4bac49]" started-at="2026-01-12T00:00:58 IST" name="setup" finished-at="2026-01-12T00:01:09 IST" duration-ms="10778" status="PASS">
          <params>
            <param index="0">
              <value>
                <![CDATA[firefox]]>
              </value>
            </param>
          </params>
          <reporter-output>
          </reporter-output>
        </test-method> <!-- setup -->
        <test-method signature="verifyLogout()[pri:6, instance:testcases.LoginTest@2b4bac49]" started-at="2026-01-12T00:01:09 IST" name="verifyLogout" finished-at="2026-01-12T00:01:15 IST" duration-ms="5812" status="PASS">
          <reporter-output>
          </reporter-output>
        </test-method> <!-- verifyLogout -->
        <test-method is-config="true" signature="tearDown()[pri:0, instance:testcases.LoginTest@2b4bac49]" started-at="2026-01-12T00:01:15 IST" name="tearDown" finished-at="2026-01-12T00:01:18 IST" duration-ms="3093" status="PASS">
          <reporter-output>
          </reporter-output>
        </test-method> <!-- tearDown -->
      </class> <!-- testcases.LoginTest -->
      <class name="testcases.SignUpTest">
        <test-method is-config="true" signature="setUpReport()[pri:0, instance:testcases.SignUpTest@3f56875e]" started-at="2026-01-11T23:49:42 IST" name="setUpReport" finished-at="2026-01-11T23:49:43 IST" duration-ms="367" status="PASS">
          <reporter-output>
          </reporter-output>
        </test-method> <!-- setUpReport -->
        <test-method is-config="true" signature="setup(java.lang.String)[pri:0, instance:testcases.SignUpTest@3f56875e]" started-at="2026-01-11T23:53:04 IST" name="setup" finished-at="2026-01-11T23:53:21 IST" duration-ms="16656" status="PASS">
          <params>
            <param index="0">
              <value>
                <![CDATA[firefox]]>
              </value>
            </param>
          </params>
          <reporter-output>
          </reporter-output>
        </test-method> <!-- setup -->
        <test-method signature="verifySignUpWithUniqueCredentials()[pri:1, instance:testcases.SignUpTest@3f56875e]" started-at="2026-01-11T23:53:21 IST" name="verifySignUpWithUniqueCredentials" finished-at="2026-01-11T23:53:24 IST" duration-ms="3081" status="PASS">
          <reporter-output>
          </reporter-output>
        </test-method> <!-- verifySignUpWithUniqueCredentials -->
        <test-method is-config="true" signature="tearDown()[pri:0, instance:testcases.SignUpTest@3f56875e]" started-at="2026-01-11T23:53:24 IST" name="tearDown" finished-at="2026-01-11T23:53:28 IST" duration-ms="3903" status="PASS">
          <reporter-output>
          </reporter-output>
        </test-method> <!-- tearDown -->
        <test-method is-config="true" signature="setup(java.lang.String)[pri:0, instance:testcases.SignUpTest@3f56875e]" started-at="2026-01-11T23:55:08 IST" name="setup" finished-at="2026-01-11T23:55:26 IST" duration-ms="17799" status="PASS">
          <params>
            <param index="0">
              <value>
                <![CDATA[firefox]]>
              </value>
            </param>
          </params>
          <reporter-output>
          </reporter-output>
        </test-method> <!-- setup -->
        <test-method signature="verifySignUpWithExistingUsername()[pri:2, instance:testcases.SignUpTest@3f56875e]" started-at="2026-01-11T23:55:26 IST" name="verifySignUpWithExistingUsername" finished-at="2026-01-11T23:55:30 IST" duration-ms="3998" status="PASS">
          <reporter-output>
          </reporter-output>
        </test-method> <!-- verifySignUpWithExistingUsername -->
        <test-method is-config="true" signature="tearDown()[pri:0, instance:testcases.SignUpTest@3f56875e]" started-at="2026-01-11T23:55:31 IST" name="tearDown" finished-at="2026-01-11T23:55:37 IST" duration-ms="5931" status="PASS">
          <reporter-output>
          </reporter-output>
        </test-method> <!-- tearDown -->
        <test-method is-config="true" signature="setup(java.lang.String)[pri:0, instance:testcases.SignUpTest@3f56875e]" started-at="2026-01-11T23:58:50 IST" name="setup" finished-at="2026-01-11T23:59:01 IST" duration-ms="11058" status="PASS">
          <params>
            <param index="0">
              <value>
                <![CDATA[firefox]]>
              </value>
            </param>
          </params>
          <reporter-output>
          </reporter-output>
        </test-method> <!-- setup -->
        <test-method signature="verifySignUpWithEmptyFields(java.lang.String,java.lang.String)[pri:3, instance:testcases.SignUpTest@3f56875e]" started-at="2026-01-11T23:59:01 IST" name="verifySignUpWithEmptyFields" data-provider="EmptyFieldData" finished-at="2026-01-11T23:59:02 IST" duration-ms="1420" status="PASS">
          <params>
            <param index="0">
              <value>
                <![CDATA[ ]]>
              </value>
            </param>
            <param index="1">
              <value>
                <![CDATA[]]>
              </value>
            </param>
          </params>
          <reporter-output>
          </reporter-output>
        </test-method> <!-- verifySignUpWithEmptyFields -->
        <test-method is-config="true" signature="tearDown()[pri:0, instance:testcases.SignUpTest@3f56875e]" started-at="2026-01-11T23:59:02 IST" name="tearDown" finished-at="2026-01-11T23:59:05 IST" duration-ms="2709" status="PASS">
          <reporter-output>
          </reporter-output>
        </test-method> <!-- tearDown -->
        <test-method is-config="true" signature="flushReport()[pri:0, instance:testcases.SignUpTest@3f56875e]" started-at="2026-01-12T00:01:18 IST" name="flushReport" finished-at="2026-01-12T00:01:19 IST" duration-ms="1121" status="PASS">
          <reporter-output>
          </reporter-output>
        </test-method> <!-- flushReport -->
      </class> <!-- testcases.SignUpTest -->
      <class name="testcases.ResponsiveTest">
        <test-method is-config="true" signature="setup(java.lang.String)[pri:0, instance:testcases.ResponsiveTest@4470f8a6]" started-at="2026-01-11T23:52:34 IST" name="setup" finished-at="2026-01-11T23:52:53 IST" duration-ms="19792" status="PASS">
          <params>
            <param index="0">
              <value>
                <![CDATA[firefox]]>
              </value>
            </param>
          </params>
          <reporter-output>
          </reporter-output>
        </test-method> <!-- setup -->
        <test-method signature="verifyResponsiveDesign()[pri:1, instance:testcases.ResponsiveTest@4470f8a6]" started-at="2026-01-11T23:52:53 IST" name="verifyResponsiveDesign" finished-at="2026-01-11T23:52:58 IST" duration-ms="4380" status="PASS">
          <reporter-output>
          </reporter-output>
        </test-method> <!-- verifyResponsiveDesign -->
        <test-method is-config="true" signature="tearDown()[pri:0, instance:testcases.ResponsiveTest@4470f8a6]" started-at="2026-01-11T23:52:59 IST" name="tearDown" finished-at="2026-01-11T23:53:04 IST" duration-ms="4994" status="PASS">
          <reporter-output>
          </reporter-output>
        </test-method> <!-- tearDown -->
      </class> <!-- testcases.ResponsiveTest -->
    </test> <!-- Firefox Test -->
  </suite> <!-- MasterMergedSuite -->
</testng-results>
